11/25/2021, 2:54:16 PM - INFO - Server is running on port: 3030
11/25/2021, 2:54:31 PM - INFO - Server is running on port: 3030
11/25/2021, 2:54:42 PM - ERROR - while finding toy label | {}
11/25/2021, 2:54:42 PM - ERROR - Failed to get toy | {}
11/25/2021, 3:05:33 PM - ERROR - while finding toy label | {}
11/25/2021, 3:05:33 PM - ERROR - Failed to get toy | {}
11/25/2021, 3:12:56 PM - ERROR - while finding toy label | {}
11/25/2021, 3:12:56 PM - ERROR - Failed to get toy | {}
11/25/2021, 3:25:24 PM - ERROR - while finding toy label | {}
11/25/2021, 3:25:24 PM - ERROR - Failed to get toy | {}
11/25/2021, 4:07:31 PM - INFO - Server is running on port: 3030
11/25/2021, 4:08:18 PM - ERROR - while finding toy label | {}
11/25/2021, 4:08:18 PM - ERROR - Failed to get toy | {}
11/25/2021, 4:08:20 PM - ERROR - while finding toy label | {}
11/25/2021, 4:08:20 PM - ERROR - Failed to get toy | {}
11/25/2021, 4:09:28 PM - ERROR - while finding toy label | {}
11/25/2021, 4:09:28 PM - ERROR - Failed to get toy | {}
11/25/2021, 4:11:35 PM - ERROR - while finding toy label | {}
11/25/2021, 4:11:35 PM - ERROR - Failed to get toy | {}
11/25/2021, 4:12:55 PM - ERROR - while finding toy label | {}
11/25/2021, 4:12:55 PM - ERROR - Failed to get toy | {}
11/25/2021, 4:13:56 PM - INFO - Server is running on port: 3030
11/25/2021, 4:14:01 PM - ERROR - while finding toy label | {}
11/25/2021, 4:14:01 PM - ERROR - Failed to get toy | {}
11/25/2021, 4:16:05 PM - INFO - Server is running on port: 3030
11/25/2021, 4:16:16 PM - INFO - Server is running on port: 3030
11/25/2021, 4:16:29 PM - ERROR - while finding toy label | {}
11/25/2021, 4:16:29 PM - ERROR - Failed to get toy | {}
11/25/2021, 5:55:07 PM - INFO - Server is running on port: 3030
11/25/2021, 5:55:09 PM - INFO - Server is running on port: 3030
11/25/2021, 5:55:22 PM - INFO - Server is running on port: 3030
11/25/2021, 6:41:43 PM - INFO - Server is running on port: 3030
11/25/2021, 6:44:17 PM - INFO - Server is running on port: 3030
11/25/2021, 6:46:07 PM - INFO - Server is running on port: 3030
11/25/2021, 6:51:39 PM - INFO - Server is running on port: 3030
11/25/2021, 6:53:58 PM - INFO - Server is running on port: 3030
11/25/2021, 6:57:09 PM - ERROR - cannot insert toy | {"driver":true,"name":"MongoError","index":0,"code":11000,"keyPattern":{"_id":1},"keyValue":{"_id":""}}
11/25/2021, 6:57:09 PM - ERROR - Failed to add toy | {"driver":true,"name":"MongoError","index":0,"code":11000,"keyPattern":{"_id":1},"keyValue":{"_id":""}}
11/25/2021, 6:58:30 PM - INFO - Server is running on port: 3030
11/25/2021, 6:58:39 PM - INFO - Server is running on port: 3030
11/25/2021, 6:58:52 PM - ERROR - cannot insert toy | {"driver":true,"name":"MongoError","index":0,"code":11000,"keyPattern":{"_id":1},"keyValue":{"_id":""}}
11/25/2021, 6:58:52 PM - ERROR - Failed to add toy | {"driver":true,"name":"MongoError","index":0,"code":11000,"keyPattern":{"_id":1},"keyValue":{"_id":""}}
11/25/2021, 7:23:11 PM - ERROR - while finding toy uaVN7 | {}
11/25/2021, 7:23:11 PM - ERROR - Failed to get toy | {}
11/25/2021, 7:23:25 PM - ERROR - cannot remove toy uaVN7 | {}
11/25/2021, 7:23:25 PM - ERROR - Failed to remove toy | {}
11/25/2021, 7:23:26 PM - ERROR - cannot remove toy ZhDve | {}
11/25/2021, 7:23:26 PM - ERROR - Failed to remove toy | {}
11/25/2021, 7:23:26 PM - ERROR - cannot remove toy vJSgc | {}
11/25/2021, 7:23:26 PM - ERROR - Failed to remove toy | {}
11/25/2021, 7:23:27 PM - ERROR - cannot remove toy 1UxIE | {}
11/25/2021, 7:23:27 PM - ERROR - Failed to remove toy | {}
11/25/2021, 7:23:28 PM - ERROR - cannot remove toy 04K5t | {}
11/25/2021, 7:23:28 PM - ERROR - Failed to remove toy | {}
11/25/2021, 7:23:29 PM - ERROR - cannot remove toy K9mCz | {}
11/25/2021, 7:23:29 PM - ERROR - Failed to remove toy | {}
11/25/2021, 7:23:29 PM - ERROR - cannot remove toy sHoBT | {}
11/25/2021, 7:23:29 PM - ERROR - Failed to remove toy | {}
11/25/2021, 7:23:30 PM - ERROR - cannot remove toy BxN66 | {}
11/25/2021, 7:23:30 PM - ERROR - Failed to remove toy | {}
11/25/2021, 7:23:31 PM - ERROR - cannot remove toy w2LeE | {}
11/25/2021, 7:23:31 PM - ERROR - Failed to remove toy | {}
11/25/2021, 7:23:32 PM - ERROR - cannot remove toy k4rx8 | {}
11/25/2021, 7:23:32 PM - ERROR - Failed to remove toy | {}
11/25/2021, 7:23:33 PM - ERROR - cannot remove toy Org9b | {}
11/25/2021, 7:23:33 PM - ERROR - Failed to remove toy | {}
11/25/2021, 7:23:34 PM - ERROR - cannot remove toy 1bGJr | {}
11/25/2021, 7:23:34 PM - ERROR - Failed to remove toy | {}
11/25/2021, 7:23:34 PM - ERROR - cannot remove toy XKj19 | {}
11/25/2021, 7:23:34 PM - ERROR - Failed to remove toy | {}
11/25/2021, 7:23:36 PM - ERROR - cannot remove toy ZTJLP | {}
11/25/2021, 7:23:36 PM - ERROR - Failed to remove toy | {}
11/25/2021, 7:23:47 PM - ERROR - while finding toy uaVN7 | {}
11/25/2021, 7:23:47 PM - ERROR - Failed to get toy | {}
11/25/2021, 7:32:15 PM - INFO - Server is running on port: 3030
11/25/2021, 7:32:16 PM - INFO - Server is running on port: 3030
11/25/2021, 7:34:19 PM - INFO - Server is running on port: 3030
11/25/2021, 7:35:00 PM - INFO - Server is running on port: 3030
11/25/2021, 7:37:10 PM - INFO - Server is running on port: 3030
11/26/2021, 11:21:36 AM - INFO - Server is running on port: 3030
11/26/2021, 11:37:38 AM - INFO - Server is running on port: 3030
11/26/2021, 11:39:10 AM - INFO - Server is running on port: 3030
11/26/2021, 11:41:55 AM - INFO - Server is running on port: 3030
11/26/2021, 11:45:23 AM - INFO - Server is running on port: 3030
11/26/2021, 11:49:34 AM - INFO - Server is running on port: 3030
11/26/2021, 11:52:44 AM - INFO - Server is running on port: 3030
11/26/2021, 11:52:53 AM - INFO - Server is running on port: 3030
11/26/2021, 11:54:11 AM - INFO - Server is running on port: 3030
11/26/2021, 1:15:32 PM - INFO - Server is running on port: 3030
11/26/2021, 1:15:49 PM - INFO - Server is running on port: 3030
11/26/2021, 1:20:48 PM - INFO - Server is running on port: 3030
11/26/2021, 1:25:10 PM - INFO - Server is running on port: 3030
11/26/2021, 1:27:17 PM - INFO - Server is running on port: 3030
11/26/2021, 2:57:11 PM - INFO - Server is running on port: 3030
11/26/2021, 2:58:30 PM - INFO - Server is running on port: 3030
11/26/2021, 3:07:39 PM - DEBUG - auth.service - signup with username: O, fullname: oO
11/26/2021, 3:07:39 PM - DEBUG - auth.route - new account created: {"username":"O","password":"$2b$10$iNTyuT/JpUFaXxcyRFOObuXkSFEHcPJW92BgtxTXuGH6bQEeSpOrO","fullname":"oO","score":0,"_id":"61a0dc1baae44b42e053f0ee"}
11/26/2021, 3:07:39 PM - DEBUG - auth.service - login with username: O
11/26/2021, 3:11:46 PM - INFO - Server is running on port: 3030
11/26/2021, 3:11:57 PM - DEBUG - auth.service - signup with username: a, fullname: oshra
11/26/2021, 3:11:57 PM - DEBUG - auth.route - new account created: {"username":"a","password":"$2b$10$Q7mG9P4r8gX6nTYzbvoU4OOVB1jFu/myvkJT/t4evYyOohLkdWkvK","fullname":"oshra","score":0,"_id":"61a0dd1dd8dae530dc871ded"}
11/26/2021, 3:11:57 PM - DEBUG - auth.service - login with username: a
11/26/2021, 3:12:41 PM - DEBUG - auth.service - signup with username: a, fullname: oshra
11/26/2021, 3:12:41 PM - DEBUG - auth.route - new account created: {"username":"a","password":"$2b$10$5BS8rNSTSvHFqnSrYLZhUeVDRVjx0AIrVyeeanEBHHcQD/VMbAWXm","fullname":"oshra","score":0,"_id":"61a0dd49d8dae530dc871dee"}
11/26/2021, 3:12:41 PM - DEBUG - auth.service - login with username: a
11/26/2021, 3:16:06 PM - DEBUG - auth.service - signup with username: A, fullname: Adam
11/26/2021, 3:16:06 PM - DEBUG - auth.route - new account created: {"username":"A","password":"$2b$10$HRddkwyn2m5na4w4JfSE0.kDMNu0oRUcUG98ZrdnTVSCi7Ppk30MW","fullname":"Adam","score":0,"_id":"61a0de16d8dae530dc871def"}
11/26/2021, 3:16:06 PM - DEBUG - auth.service - login with username: A
11/26/2021, 3:37:41 PM - DEBUG - auth.service - login with username: o
11/26/2021, 3:37:41 PM - ERROR - Failed to Login Invalid username or password
11/26/2021, 3:39:15 PM - DEBUG - auth.service - signup with username: a, fullname: Adam
11/26/2021, 3:39:15 PM - DEBUG - auth.route - new account created: {"username":"a","password":"$2b$10$vIIOx/4CnF8UI4oN9FCMV.ZWwpisbCAfnfFXKXOoc7DJdVi8ZWWQ.","fullname":"Adam","score":0,"_id":"61a0e383d8dae530dc871df0"}
11/26/2021, 3:39:15 PM - DEBUG - auth.service - login with username: a
11/26/2021, 3:40:43 PM - DEBUG - auth.service - login with username: o
11/26/2021, 3:40:43 PM - ERROR - Failed to Login Invalid username or password
11/26/2021, 3:40:54 PM - DEBUG - auth.service - login with username: a
11/26/2021, 3:41:50 PM - DEBUG - auth.service - login with username: a
11/26/2021, 3:41:55 PM - DEBUG - auth.service - login with username: s
11/26/2021, 3:41:55 PM - ERROR - Failed to Login Invalid username or password
11/26/2021, 3:43:15 PM - DEBUG - auth.service - login with username: o
11/26/2021, 3:43:15 PM - ERROR - Failed to Login Invalid username or password
11/26/2021, 3:43:22 PM - DEBUG - auth.service - login with username: a
11/26/2021, 3:56:28 PM - DEBUG - auth.service - login with username: a
11/26/2021, 3:57:14 PM - DEBUG - auth.service - login with username: a
11/26/2021, 4:07:06 PM - DEBUG - auth.service - login with username: a
11/26/2021, 4:16:00 PM - DEBUG - auth.service - login with username: a
11/26/2021, 4:22:14 PM - DEBUG - auth.service - login with username: a
11/26/2021, 4:51:37 PM - DEBUG - auth.service - login with username: a
11/26/2021, 4:52:07 PM - DEBUG - auth.service - login with username: a
11/26/2021, 4:53:35 PM - DEBUG - auth.service - login with username: a
11/26/2021, 6:49:57 PM - INFO - Server is running on port: 3030
11/26/2021, 7:04:28 PM - DEBUG - auth.service - signup with username: adam, fullname: adam
11/26/2021, 7:04:28 PM - DEBUG - auth.route - new account created: {"username":"adam","password":"$2b$10$cU.XTyx/PZRnZxmCrv2LiOpkZhXgPdKsY8BxDFG1TMVlYQea0xJ5K","fullname":"adam","score":0,"_id":"61a1139c1ee9024b88be99f8"}
11/26/2021, 7:04:28 PM - DEBUG - auth.service - login with username: adam
11/26/2021, 7:06:13 PM - DEBUG - auth.service - login with username: adam
11/26/2021, 7:06:20 PM - DEBUG - auth.service - login with username: a
11/26/2021, 7:08:13 PM - DEBUG - auth.service - login with username: a
11/26/2021, 7:17:50 PM - DEBUG - auth.service - login with username: a
11/26/2021, 7:28:44 PM - DEBUG - auth.service - login with username: admin
11/26/2021, 7:28:44 PM - ERROR - Failed to Login Invalid username or password
11/26/2021, 7:30:42 PM - DEBUG - auth.service - signup with username: admin, fullname: Admin
11/26/2021, 7:30:42 PM - DEBUG - auth.route - new account created: {"username":"admin","password":"$2b$10$78RCE3n4ZaSkyPalpA5PgOQijIb/imYUuACmA2wXSy6BzFFnB/N4e","fullname":"Admin","score":0,"_id":"61a119c21ee9024b88be99f9"}
11/26/2021, 7:30:42 PM - DEBUG - auth.service - login with username: admin
11/26/2021, 7:32:49 PM - DEBUG - auth.service - login with username: a
11/26/2021, 7:32:59 PM - DEBUG - auth.service - login with username: admin
11/26/2021, 7:34:19 PM - DEBUG - auth.service - login with username: admin
11/26/2021, 7:49:58 PM - DEBUG - auth.service - signup with username: a, fullname: a
11/26/2021, 7:49:58 PM - DEBUG - auth.route - new account created: {"username":"a","password":"$2b$10$1f8mM9DIbdM4xxlTB9bZ7uaafLLto3An/eySv5ZhkNkxmu2q.D4LS","fullname":"a","score":0,"_id":"61a11e461ee9024b88be99fa"}
11/26/2021, 7:49:58 PM - DEBUG - auth.service - login with username: a
11/26/2021, 7:51:03 PM - DEBUG - auth.service - login with username: a
11/26/2021, 7:51:16 PM - DEBUG - auth.service - login with username: admin
11/26/2021, 8:11:37 PM - INFO - Server is running on port: 3030
11/26/2021, 8:20:53 PM - DEBUG - auth.service - login with username: admin
11/26/2021, 8:34:39 PM - INFO - Server is running on port: 3030
11/26/2021, 8:38:16 PM - DEBUG - auth.service - login with username: admin
11/27/2021, 8:39:14 PM - INFO - Server is running on port: 3030
11/27/2021, 8:41:25 PM - DEBUG - auth.service - login with username: admin
11/27/2021, 8:42:33 PM - DEBUG - auth.service - login with username: a
11/27/2021, 8:43:56 PM - INFO - Server is running on port: 3030
11/27/2021, 8:44:36 PM - INFO - Server is running on port: 3030
11/27/2021, 8:44:54 PM - DEBUG - auth.service - login with username: a
11/27/2021, 8:45:18 PM - INFO - Server is running on port: 3030
11/27/2021, 8:45:22 PM - INFO - Server is running on port: 3030
11/27/2021, 8:45:27 PM - INFO - Server is running on port: 3030
11/27/2021, 8:45:44 PM - INFO - Server is running on port: 3030
11/27/2021, 8:46:17 PM - DEBUG - auth.service - login with username: a
11/27/2021, 8:46:33 PM - DEBUG - auth.service - login with username: admin
11/28/2021, 1:45:47 PM - INFO - Server is running on port: 3030
11/28/2021, 1:48:09 PM - DEBUG - auth.service - login with username: admin
11/28/2021, 1:54:14 PM - INFO - Server is running on port: 3030
11/28/2021, 1:59:35 PM - INFO - Server is running on port: 3030
11/28/2021, 2:02:34 PM - INFO - Server is running on port: 3030
11/28/2021, 2:15:34 PM - DEBUG - auth.service - login with username: admin
11/28/2021, 2:15:34 PM - ERROR - Failed to Login Invalid username or password
11/28/2021, 2:17:56 PM - DEBUG - auth.service - login with username: admin
11/28/2021, 2:18:07 PM - ERROR - while finding toy review | {}
11/28/2021, 2:18:07 PM - ERROR - Failed to get toy | {}
11/28/2021, 2:20:37 PM - ERROR - while finding toy review | {}
11/28/2021, 2:20:37 PM - ERROR - Failed to get toy | {}
11/28/2021, 2:21:17 PM - ERROR - while finding toy review | {}
11/28/2021, 2:21:17 PM - ERROR - Failed to get toy | {}
11/28/2021, 2:25:54 PM - ERROR - while finding toy review | {}
11/28/2021, 2:25:54 PM - ERROR - Failed to get toy | {}
11/28/2021, 2:26:01 PM - ERROR - while finding toy review | {}
11/28/2021, 2:26:01 PM - ERROR - Failed to get toy | {}
11/28/2021, 2:26:37 PM - ERROR - while finding toy review | {}
11/28/2021, 2:26:37 PM - ERROR - Failed to get toy | {}
11/28/2021, 2:28:30 PM - ERROR - while finding toy review | {}
11/28/2021, 2:28:30 PM - ERROR - Failed to get toy | {}
11/28/2021, 2:30:53 PM - ERROR - while finding toy review | {}
11/28/2021, 2:30:53 PM - ERROR - Failed to get toy | {}
11/28/2021, 2:37:05 PM - INFO - Server is running on port: 3030 
11/28/2021, 2:37:14 PM - INFO - Server is running on port: 3030 
11/28/2021, 2:38:30 PM - DEBUG - auth.service - login with username: admin 
11/28/2021, 2:39:23 PM - INFO - Req!!! 
11/28/2021, 2:39:23 PM - INFO - Req from: Admin 
11/28/2021, 2:39:52 PM - INFO - Req!!! 
11/28/2021, 2:39:52 PM - INFO - Req from: Admin 
11/28/2021, 2:39:57 PM - INFO - Req!!! 
11/28/2021, 2:39:57 PM - INFO - Req from: Admin 
11/28/2021, 2:42:35 PM - INFO - Req!!! 
11/28/2021, 2:42:35 PM - INFO - Req from: Admin 
11/28/2021, 2:42:46 PM - INFO - Req!!! 
11/28/2021, 2:42:46 PM - INFO - Req from: Admin 
11/28/2021, 2:45:04 PM - INFO - Req!!! 
11/28/2021, 2:45:04 PM - INFO - Req from: Admin 
11/28/2021, 2:45:04 PM - ERROR - while finding user 61a379d093a6da1b1033448f | TypeError: Cannot convert undefined or null to object 
11/28/2021, 2:45:04 PM - ERROR - Failed to add review | TypeError: Cannot convert undefined or null to object 
11/28/2021, 2:48:35 PM - INFO - Req!!! 
11/28/2021, 2:48:35 PM - INFO - Req from: Admin 
11/28/2021, 2:48:37 PM - INFO - Req!!! 
11/28/2021, 2:48:37 PM - INFO - Req from: Admin 
11/28/2021, 2:48:37 PM - ERROR - while finding user 61a37aa593a6da1b10334491 | TypeError: Cannot convert undefined or null to object 
11/28/2021, 2:48:37 PM - ERROR - Failed to add review | TypeError: Cannot convert undefined or null to object 
11/28/2021, 2:48:54 PM - INFO - Req!!! 
11/28/2021, 2:48:54 PM - INFO - Req from: Admin 
11/28/2021, 2:48:54 PM - ERROR - while finding user 61a37ab693a6da1b10334493 | TypeError: Cannot convert undefined or null to object 
11/28/2021, 2:48:54 PM - ERROR - Failed to add review | TypeError: Cannot convert undefined or null to object 
11/28/2021, 2:55:29 PM - INFO - Req!!! 
11/28/2021, 2:55:29 PM - INFO - Req from: Admin 
11/28/2021, 2:55:29 PM - ERROR - while finding user 61a37c4193a6da1b10334495 | TypeError: Cannot convert undefined or null to object 
11/28/2021, 2:55:29 PM - ERROR - Failed to add review | TypeError: Cannot convert undefined or null to object 
11/28/2021, 2:55:38 PM - INFO - Req!!! 
11/28/2021, 2:55:39 PM - INFO - Req from: Admin 
11/28/2021, 2:55:39 PM - ERROR - while finding user 61a37c4b93a6da1b10334497 | TypeError: Cannot convert undefined or null to object 
11/28/2021, 2:55:39 PM - ERROR - Failed to add review | TypeError: Cannot convert undefined or null to object 
11/28/2021, 3:01:51 PM - INFO - Server is running on port: 3030 
11/28/2021, 3:02:03 PM - INFO - Req!!! 
11/28/2021, 3:02:16 PM - INFO - Req!!! 
11/28/2021, 3:03:56 PM - INFO - Req!!! 
11/28/2021, 3:06:19 PM - INFO - Req!!! 
11/28/2021, 3:06:23 PM - INFO - Req!!! 
11/28/2021, 3:08:58 PM - INFO - Req!!! 
11/28/2021, 3:10:33 PM - INFO - Req!!! 
11/28/2021, 3:11:16 PM - DEBUG - auth.service - login with username: admin 
11/28/2021, 3:11:23 PM - INFO - Req!!! 
11/28/2021, 3:11:23 PM - INFO - Req from: Admin 
11/28/2021, 3:11:30 PM - INFO - Req!!! 
11/28/2021, 3:11:30 PM - INFO - Req from: Admin 
11/28/2021, 3:11:30 PM - DEBUG - Emiting to user socket: undefined 
11/28/2021, 3:16:24 PM - INFO - Req!!! 
11/28/2021, 3:16:24 PM - INFO - Req from: Admin 
11/28/2021, 3:16:24 PM - DEBUG - Emiting to user socket: undefined 
11/28/2021, 3:17:05 PM - ERROR - while finding toy undefined | Error: Argument passed in must be a single String of 12 bytes or a string of 24 hex characters 
11/28/2021, 3:17:05 PM - ERROR - Failed to get toy | Error: Argument passed in must be a single String of 12 bytes or a string of 24 hex characters 
11/28/2021, 3:17:12 PM - INFO - Req!!! 
11/28/2021, 3:17:12 PM - INFO - Req from: Admin 
11/28/2021, 3:17:29 PM - INFO - Req!!! 
11/28/2021, 3:17:29 PM - INFO - Req from: Admin 
11/28/2021, 3:20:36 PM - INFO - Server is running on port: 3030 
11/28/2021, 3:20:39 PM - INFO - Req!!! 
11/28/2021, 3:20:46 PM - DEBUG - auth.service - login with username: admin 
11/28/2021, 3:20:52 PM - INFO - Req!!! 
11/28/2021, 3:20:52 PM - INFO - Req from: Admin 
11/28/2021, 3:21:00 PM - INFO - Req!!! 
11/28/2021, 3:21:00 PM - INFO - Req from: Admin 
11/28/2021, 3:21:00 PM - DEBUG - Emiting to user socket: 619fc78233f6a513bfc33185 
11/28/2021, 3:21:28 PM - INFO - Server is running on port: 3030 
11/28/2021, 3:21:40 PM - DEBUG - auth.service - login with username: admin 
11/28/2021, 3:21:47 PM - INFO - Req!!! 
11/28/2021, 3:21:47 PM - INFO - Req from: Admin 
11/28/2021, 3:22:02 PM - INFO - Req!!! 
11/28/2021, 3:22:02 PM - INFO - Req from: Admin 
11/28/2021, 3:25:21 PM - INFO - Req!!! 
11/28/2021, 3:25:21 PM - INFO - Req from: Admin 
11/28/2021, 3:25:29 PM - INFO - Req!!! 
11/28/2021, 3:25:29 PM - INFO - Req from: Admin 
11/28/2021, 3:27:38 PM - INFO - Req!!! 
11/28/2021, 3:27:38 PM - INFO - Req from: Admin 
11/28/2021, 3:28:55 PM - INFO - Req!!! 
11/28/2021, 3:28:55 PM - INFO - Req from: Admin 
11/28/2021, 3:37:11 PM - INFO - Server is running on port: 3030 
11/28/2021, 3:37:13 PM - INFO - Req!!! 
11/28/2021, 3:37:25 PM - INFO - Req!!! 
11/28/2021, 3:42:00 PM - INFO - Req!!! 
11/28/2021, 3:42:18 PM - INFO - Req!!! 
11/28/2021, 3:42:47 PM - DEBUG - auth.service - login with username: admin 
11/28/2021, 3:43:25 PM - INFO - Server is running on port: 3030 
11/28/2021, 3:44:18 PM - DEBUG - auth.service - login with username: admin 
11/28/2021, 3:44:24 PM - INFO - Req!!! 
11/28/2021, 3:44:24 PM - INFO - Req from: Admin 
11/28/2021, 3:45:16 PM - INFO - Req!!! 
11/28/2021, 3:45:16 PM - INFO - Req from: Admin 
11/28/2021, 3:47:37 PM - INFO - Req!!! 
11/28/2021, 3:47:37 PM - INFO - Req from: Admin 
11/28/2021, 3:47:46 PM - INFO - Req!!! 
11/28/2021, 3:47:46 PM - INFO - Req from: Admin 
11/28/2021, 3:51:53 PM - INFO - Req!!! 
11/28/2021, 3:51:53 PM - INFO - Req from: Admin 
11/28/2021, 3:54:23 PM - INFO - Req!!! 
11/28/2021, 3:54:23 PM - INFO - Req from: Admin 
11/28/2021, 3:55:06 PM - INFO - Req!!! 
11/28/2021, 3:55:06 PM - INFO - Req from: Admin 
11/28/2021, 3:55:06 PM - INFO - Req!!! 
11/28/2021, 3:55:06 PM - INFO - Req from: Admin 
11/28/2021, 4:04:26 PM - INFO - Server is running on port: 3030 
11/28/2021, 4:04:34 PM - INFO - Req!!! 
11/28/2021, 4:04:49 PM - DEBUG - auth.service - login with username: admin 
11/28/2021, 4:04:55 PM - INFO - Req!!! 
11/28/2021, 4:04:55 PM - INFO - Req from: Admin 
11/28/2021, 4:05:03 PM - INFO - Req!!! 
11/28/2021, 4:05:03 PM - INFO - Req from: Admin 
11/28/2021, 4:05:03 PM - INFO - Req!!! 
11/28/2021, 4:05:03 PM - INFO - Req from: Admin 
11/28/2021, 4:06:42 PM - INFO - Server is running on port: 3030 
11/28/2021, 4:07:00 PM - INFO - Req!!! 
11/28/2021, 4:07:10 PM - INFO - Req!!! 
11/28/2021, 4:07:25 PM - DEBUG - auth.service - login with username: admin 
11/28/2021, 4:07:31 PM - INFO - Req!!! 
11/28/2021, 4:07:31 PM - INFO - Req from: Admin 
11/28/2021, 4:08:04 PM - INFO - Req!!! 
11/28/2021, 4:08:04 PM - INFO - Req from: Admin 
11/28/2021, 4:08:04 PM - ERROR - Failed to add review | ReferenceError: logger is not defined 
11/28/2021, 4:10:03 PM - INFO - Server is running on port: 3030 
11/28/2021, 4:10:17 PM - DEBUG - auth.service - login with username: admin 
11/28/2021, 4:10:23 PM - INFO - Req!!! 
11/28/2021, 4:10:23 PM - INFO - Req from: Admin 
11/28/2021, 4:10:32 PM - INFO - Req!!! 
11/28/2021, 4:10:32 PM - INFO - Req from: Admin 
11/28/2021, 4:10:32 PM - ERROR - Failed to add review | ReferenceError: logger is not defined 
11/28/2021, 4:12:01 PM - INFO - Server is running on port: 3030 
11/28/2021, 4:12:03 PM - INFO - Req!!! 
11/28/2021, 4:12:04 PM - INFO - Req!!! 
11/28/2021, 4:12:13 PM - INFO - Req!!! 
11/28/2021, 4:12:22 PM - INFO - Req!!! 
11/28/2021, 4:12:35 PM - INFO - Req!!! 
11/28/2021, 4:13:33 PM - INFO - Server is running on port: 3030 
11/28/2021, 4:13:35 PM - INFO - Req!!! 
11/28/2021, 4:13:42 PM - DEBUG - auth.service - login with username: admin 
11/28/2021, 4:13:54 PM - INFO - Req!!! 
11/28/2021, 4:13:54 PM - INFO - Req from: Admin 
11/28/2021, 4:14:04 PM - INFO - Req!!! 
11/28/2021, 4:14:04 PM - INFO - Req from: Admin 
11/28/2021, 4:14:04 PM - ERROR - Failed to add review | ReferenceError: logger is not defined 
11/28/2021, 4:15:44 PM - INFO - Server is running on port: 3030 
11/28/2021, 4:16:33 PM - INFO - Server is running on port: 3030 
11/28/2021, 4:16:37 PM - INFO - Req!!! 
11/28/2021, 4:16:53 PM - DEBUG - auth.service - login with username: admin 
11/28/2021, 4:16:58 PM - INFO - Req!!! 
11/28/2021, 4:16:58 PM - INFO - Req from: Admin 
11/28/2021, 4:17:09 PM - INFO - Req!!! 
11/28/2021, 4:17:09 PM - INFO - Req from: Admin 
11/28/2021, 4:18:17 PM - INFO - Server is running on port: 3030 
11/28/2021, 4:18:20 PM - INFO - Req!!! 
11/28/2021, 4:18:27 PM - INFO - Req!!! 
11/28/2021, 4:18:36 PM - INFO - Req!!! 
11/28/2021, 4:18:51 PM - DEBUG - auth.service - login with username: admin 
11/28/2021, 4:18:59 PM - INFO - Req!!! 
11/28/2021, 4:18:59 PM - INFO - Req from: Admin 
11/28/2021, 4:19:04 PM - INFO - Req!!! 
11/28/2021, 4:19:04 PM - INFO - Req from: Admin 
11/28/2021, 4:20:32 PM - INFO - Req!!! 
11/28/2021, 4:20:32 PM - INFO - Req from: Admin 
11/28/2021, 4:21:04 PM - INFO - Req!!! 
11/28/2021, 4:21:04 PM - INFO - Req from: Admin 
11/28/2021, 4:27:10 PM - INFO - Req!!! 
11/28/2021, 4:27:10 PM - INFO - Req from: Admin 
11/28/2021, 4:27:19 PM - INFO - Req!!! 
11/28/2021, 4:27:19 PM - INFO - Req from: Admin 
11/28/2021, 4:27:26 PM - INFO - Req!!! 
11/28/2021, 4:27:26 PM - INFO - Req from: Admin 
11/28/2021, 4:28:01 PM - INFO - Req!!! 
11/28/2021, 4:28:01 PM - INFO - Req from: Admin 
11/28/2021, 4:28:08 PM - INFO - Req!!! 
11/28/2021, 4:28:08 PM - INFO - Req from: Admin 
11/28/2021, 4:30:05 PM - INFO - Req!!! 
11/28/2021, 4:30:05 PM - INFO - Req from: Admin 
11/28/2021, 5:36:10 PM - INFO - Server is running on port: 3030 
11/28/2021, 5:40:14 PM - DEBUG - auth.service - login with username: admin 
11/28/2021, 5:41:24 PM - DEBUG - auth.service - login with username: admin 
11/28/2021, 5:42:50 PM - DEBUG - auth.service - login with username: admin 
11/28/2021, 5:45:28 PM - INFO - Req!!! 
11/28/2021, 5:45:29 PM - INFO - Req from: Admin 
11/28/2021, 5:53:43 PM - INFO - Server is running on port: 3030 
11/28/2021, 5:53:50 PM - DEBUG - auth.service - login with username: admin 
11/28/2021, 5:53:56 PM - INFO - Req!!! 
11/28/2021, 5:53:56 PM - INFO - Req from: Admin 
11/28/2021, 5:54:07 PM - INFO - Req!!! 
11/28/2021, 5:54:07 PM - INFO - Req from: Admin 
11/28/2021, 5:54:07 PM - ERROR - Failed to add review | TypeError: Cannot read properties of undefined (reading 'reviews') 
11/28/2021, 5:55:24 PM - INFO - Req!!! 
11/28/2021, 5:55:24 PM - INFO - Req from: Admin 
11/28/2021, 5:55:35 PM - DEBUG - auth.service - login with username: admin 
11/28/2021, 5:55:39 PM - INFO - Req!!! 
11/28/2021, 5:55:39 PM - INFO - Req from: Admin 
11/28/2021, 5:55:46 PM - INFO - Req!!! 
11/28/2021, 5:55:46 PM - INFO - Req from: Admin 
11/28/2021, 5:55:46 PM - ERROR - Failed to add review | TypeError: Cannot read properties of undefined (reading 'reviews') 
11/28/2021, 5:58:23 PM - INFO - Server is running on port: 3030 
11/28/2021, 5:58:31 PM - DEBUG - auth.service - login with username: admin 
11/28/2021, 5:58:38 PM - INFO - Req!!! 
11/28/2021, 5:58:38 PM - INFO - Req from: Admin 
11/28/2021, 5:58:43 PM - INFO - Req!!! 
11/28/2021, 5:58:43 PM - INFO - Req from: Admin 
11/28/2021, 5:59:52 PM - INFO - Server is running on port: 3030 
11/28/2021, 6:00:23 PM - DEBUG - auth.service - login with username: admin 
11/28/2021, 6:00:29 PM - INFO - Req!!! 
11/28/2021, 6:00:29 PM - INFO - Req from: Admin 
11/28/2021, 6:00:38 PM - INFO - Req!!! 
11/28/2021, 6:00:38 PM - INFO - Req from: Admin 
11/28/2021, 6:00:38 PM - ERROR - Failed to add review | TypeError: Converting circular structure to JSON
    --> starting at object with constructor 'Object'
    |     property 'aboutToy' -> object with constructor 'Object'
    |     property 'reviews' -> object with constructor 'Array'
    --- index 0 closes the circle 
11/28/2021, 6:02:11 PM - INFO - Server is running on port: 3030 
11/28/2021, 6:02:16 PM - INFO - Req!!! 
11/28/2021, 6:04:15 PM - DEBUG - auth.service - login with username: admin 
11/28/2021, 6:04:19 PM - INFO - Req!!! 
11/28/2021, 6:04:19 PM - INFO - Req from: Admin 
11/28/2021, 6:09:38 PM - ERROR - while finding user undefined | Error: Argument passed in must be a single String of 12 bytes or a string of 24 hex characters 
11/28/2021, 6:09:38 PM - ERROR - Failed to get user | Error: Argument passed in must be a single String of 12 bytes or a string of 24 hex characters 
11/28/2021, 6:19:05 PM - INFO - Server is running on port: 3030 
11/28/2021, 6:19:58 PM - DEBUG - auth.service - login with username: admin 
11/28/2021, 6:20:07 PM - INFO - Req!!! 
11/28/2021, 6:20:07 PM - INFO - Req from: Admin 
11/28/2021, 6:20:15 PM - INFO - Req!!! 
11/28/2021, 6:20:15 PM - INFO - Req from: Admin 
11/28/2021, 6:20:16 PM - ERROR - Failed to add review | ReferenceError: toyId is not defined 
11/28/2021, 6:21:12 PM - INFO - Server is running on port: 3030 
11/28/2021, 6:21:20 PM - DEBUG - auth.service - login with username: admin 
11/28/2021, 6:21:25 PM - INFO - Req!!! 
11/28/2021, 6:21:25 PM - INFO - Req from: Admin 
11/28/2021, 6:21:36 PM - INFO - Req!!! 
11/28/2021, 6:21:36 PM - INFO - Req from: Admin 
11/28/2021, 6:21:43 PM - INFO - Req!!! 
11/28/2021, 6:21:43 PM - INFO - Req from: Admin 
11/28/2021, 6:21:43 PM - ERROR - Failed to add review | TypeError: Converting circular structure to JSON
    --> starting at object with constructor 'Object'
    |     property 'aboutToy' -> object with constructor 'Object'
    |     property 'reviews' -> object with constructor 'Array'
    --- index 0 closes the circle 
11/28/2021, 6:25:16 PM - INFO - Server is running on port: 3030 
11/28/2021, 6:25:30 PM - DEBUG - auth.service - login with username: afmin 
11/28/2021, 6:25:30 PM - ERROR - Failed to Login Invalid username or password 
11/28/2021, 6:25:37 PM - DEBUG - auth.service - login with username: admin 
11/28/2021, 6:25:45 PM - INFO - Req!!! 
11/28/2021, 6:25:45 PM - INFO - Req from: Admin 
11/28/2021, 6:25:51 PM - INFO - Req!!! 
11/28/2021, 6:25:51 PM - INFO - Req from: Admin 
11/28/2021, 6:25:51 PM - ERROR - Failed to add review | TypeError: Converting circular structure to JSON
    --> starting at object with constructor 'Object'
    |     property 'aboutToy' -> object with constructor 'Object'
    |     property 'reviews' -> object with constructor 'Array'
    --- index 0 closes the circle 
11/28/2021, 6:26:38 PM - INFO - Server is running on port: 3030 
11/28/2021, 6:26:43 PM - INFO - Req!!! 
11/28/2021, 6:26:57 PM - INFO - Req!!! 
11/28/2021, 6:27:25 PM - INFO - Server is running on port: 3030 
11/28/2021, 6:58:43 PM - DEBUG - auth.service - login with username: שגצןמ 
11/28/2021, 6:58:43 PM - ERROR - Failed to Login Invalid username or password 
11/28/2021, 6:58:47 PM - DEBUG - auth.service - login with username: admin 
11/28/2021, 6:58:47 PM - ERROR - Failed to Login Invalid username or password 
11/28/2021, 6:58:49 PM - DEBUG - auth.service - login with username: admin 
11/28/2021, 6:58:49 PM - ERROR - Failed to Login Invalid username or password 
11/28/2021, 6:58:57 PM - DEBUG - auth.service - login with username: admin 
11/28/2021, 6:58:57 PM - ERROR - Failed to Login Invalid username or password 
11/28/2021, 6:59:00 PM - DEBUG - auth.service - login with username: admin 
11/28/2021, 6:59:08 PM - DEBUG - auth.service - login with username: admin 
11/28/2021, 6:59:13 PM - INFO - Req!!! 
11/28/2021, 6:59:13 PM - INFO - Req from: Admin 
11/28/2021, 6:59:37 PM - INFO - Req!!! 
11/28/2021, 6:59:37 PM - INFO - Req from: Admin 
11/28/2021, 7:14:18 PM - INFO - Server is running on port: 3030 
11/28/2021, 7:14:33 PM - INFO - Server is running on port: 3030 
11/28/2021, 7:14:48 PM - INFO - Req!!! 
11/28/2021, 7:14:55 PM - DEBUG - auth.service - login with username: admin 
11/28/2021, 7:22:17 PM - INFO - Req!!! 
11/28/2021, 7:22:17 PM - INFO - Req from: Admin 
11/28/2021, 7:23:03 PM - INFO - Req!!! 
11/28/2021, 7:23:03 PM - INFO - Req from: Admin 
11/28/2021, 7:23:13 PM - INFO - Req!!! 
11/28/2021, 7:23:13 PM - INFO - Req from: Admin 
11/28/2021, 7:27:02 PM - INFO - Server is running on port: 3030 
11/28/2021, 7:28:29 PM - INFO - Req!!! 
11/28/2021, 7:28:39 PM - INFO - Req!!! 
11/28/2021, 7:28:44 PM - INFO - Req!!! 
11/28/2021, 7:28:57 PM - DEBUG - auth.service - login with username: admin 
11/28/2021, 7:29:03 PM - INFO - Req!!! 
11/28/2021, 7:29:03 PM - INFO - Req from: Admin 
11/28/2021, 7:29:08 PM - INFO - Req!!! 
11/28/2021, 7:29:08 PM - INFO - Req from: Admin 
11/28/2021, 7:36:15 PM - INFO - Server is running on port: 3030 
11/28/2021, 7:36:26 PM - INFO - Server is running on port: 3030 
11/28/2021, 7:36:40 PM - DEBUG - auth.service - login with username: admin 
11/28/2021, 7:37:04 PM - INFO - Req!!! 
11/28/2021, 7:37:04 PM - INFO - Req from: Admin 
11/28/2021, 7:37:12 PM - INFO - Req!!! 
11/28/2021, 7:37:12 PM - INFO - Req from: Admin 
11/29/2021, 1:17:28 PM - INFO - Server is running on port: 3030 
11/29/2021, 1:19:39 PM - INFO - Req!!! 
11/29/2021, 1:24:17 PM - INFO - Req!!! 
11/29/2021, 1:48:22 PM - INFO - Req!!! 
11/29/2021, 1:48:47 PM - DEBUG - auth.service - login with username: admin 
11/29/2021, 1:48:53 PM - INFO - Req!!! 
11/29/2021, 1:48:53 PM - INFO - Req from: Admin 
11/29/2021, 1:49:01 PM - INFO - Req!!! 
11/29/2021, 1:49:01 PM - INFO - Req from: Admin 
11/29/2021, 1:50:19 PM - INFO - Req!!! 
11/29/2021, 1:50:19 PM - INFO - Req from: Admin 
11/29/2021, 2:10:15 PM - DEBUG - auth.service - login with username: admin 
11/29/2021, 2:10:19 PM - INFO - Req!!! 
11/29/2021, 2:10:19 PM - INFO - Req from: Admin 
11/29/2021, 2:10:49 PM - INFO - Req!!! 
11/29/2021, 2:10:49 PM - INFO - Req from: Admin 
11/29/2021, 2:11:18 PM - INFO - Req!!! 
11/29/2021, 2:11:18 PM - INFO - Req from: Admin 
11/29/2021, 2:12:00 PM - INFO - Req!!! 
11/29/2021, 2:12:00 PM - INFO - Req from: Admin 
11/29/2021, 2:13:42 PM - INFO - Req!!! 
11/29/2021, 2:13:42 PM - INFO - Req from: Admin 
11/29/2021, 2:15:47 PM - INFO - Server is running on port: 3030 
11/29/2021, 2:15:51 PM - INFO - Req!!! 
11/29/2021, 2:16:19 PM - INFO - Req!!! 
11/29/2021, 2:17:31 PM - DEBUG - auth.service - login with username: admin 
11/29/2021, 2:17:36 PM - INFO - Req!!! 
11/29/2021, 2:17:36 PM - INFO - Req from: Admin 
11/29/2021, 2:18:00 PM - INFO - Req!!! 
11/29/2021, 2:18:00 PM - INFO - Req from: Admin 
11/29/2021, 2:18:14 PM - INFO - Req!!! 
11/29/2021, 2:18:14 PM - INFO - Req from: Admin 
11/29/2021, 2:18:33 PM - INFO - Req!!! 
11/29/2021, 2:18:33 PM - INFO - Req from: Admin 
11/29/2021, 3:20:21 PM - INFO - Server is running on port: 3030 
11/29/2021, 4:07:21 PM - INFO - Server is running on port: 3030 
11/29/2021, 4:07:28 PM - INFO - Req!!! 
11/29/2021, 4:09:59 PM - INFO - Server is running on port: 3030 
11/29/2021, 4:12:17 PM - INFO - Server is running on port: 3030 
11/29/2021, 4:14:30 PM - INFO - Server is running on port: 3030 
11/29/2021, 4:14:45 PM - INFO - Server is running on port: 3030 
11/29/2021, 4:16:21 PM - INFO - Server is running on port: 3030 
11/29/2021, 4:18:58 PM - INFO - Server is running on port: 3030 
11/29/2021, 4:38:02 PM - INFO - Server is running on port: 3030 
11/29/2021, 4:41:17 PM - INFO - Server is running on port: 3030 
11/29/2021, 4:41:38 PM - INFO - Server is running on port: 3030 
11/29/2021, 5:46:47 PM - INFO - Server is running on port: 3030 
11/29/2021, 5:47:55 PM - INFO - Server is running on port: 3030 
11/29/2021, 5:53:41 PM - INFO - Server is running on port: 3030 
11/29/2021, 5:54:04 PM - DEBUG - auth.service - login with username: admin 
11/29/2021, 5:55:11 PM - INFO - Server is running on port: 3030 
11/29/2021, 5:55:25 PM - INFO - Server is running on port: 3030 
11/29/2021, 5:57:52 PM - INFO - Server is running on port: 3030 
11/29/2021, 5:58:04 PM - DEBUG - auth.service - login with username: שגצןמ 
11/29/2021, 5:58:04 PM - ERROR - Failed to Login Invalid username or password 
11/29/2021, 5:58:08 PM - DEBUG - auth.service - login with username: admin 
11/29/2021, 5:58:09 PM - ERROR - Failed to Login Invalid username or password 
11/29/2021, 5:58:13 PM - DEBUG - auth.service - login with username: admin 
11/29/2021, 5:58:22 PM - DEBUG - auth.service - login with username: admin 
11/29/2021, 5:58:41 PM - INFO - Server is running on port: 3030 
11/29/2021, 5:59:50 PM - DEBUG - auth.service - login with username: admin 
11/29/2021, 5:59:50 PM - ERROR - Failed to Login Invalid username or password 
11/29/2021, 5:59:54 PM - DEBUG - auth.service - login with username: admin 
11/29/2021, 6:00:04 PM - INFO - Req!!! 
11/29/2021, 6:00:04 PM - INFO - Req from: Admin 
11/29/2021, 6:12:13 PM - INFO - Server is running on port: 3030 
11/29/2021, 6:12:55 PM - INFO - Server is running on port: 3030 
11/29/2021, 6:17:05 PM - INFO - Server is running on port: 3030 
11/29/2021, 6:19:59 PM - INFO - Req!!! 
11/29/2021, 6:22:25 PM - INFO - Req!!! 
11/29/2021, 6:24:09 PM - INFO - Req!!! 
11/29/2021, 6:25:35 PM - INFO - Req!!! 
11/29/2021, 6:25:54 PM - INFO - Req!!! 
11/29/2021, 6:26:49 PM - INFO - Req!!! 
11/29/2021, 6:27:59 PM - DEBUG - auth.service - login with username: admin 
11/29/2021, 6:27:59 PM - DEBUG - Setting (w9Pirbi_MEk98maqAAAL) socket.userId = 61a119c21ee9024b88be99f9 
11/29/2021, 6:28:06 PM - INFO - Req!!! 
11/29/2021, 6:28:06 PM - INFO - Req from: Admin 
11/29/2021, 6:28:16 PM - INFO - Req!!! 
11/29/2021, 6:28:16 PM - INFO - Req from: Admin 
11/29/2021, 6:28:16 PM - DEBUG - broadcast to all but user:  | "61a119c21ee9024b88be99f9" 
11/29/2021, 6:30:07 PM - INFO - Req!!! 
11/29/2021, 6:30:30 PM - DEBUG - auth.service - login with username: oshra 
11/29/2021, 6:30:30 PM - ERROR - Failed to Login Invalid username or password 
11/29/2021, 6:30:51 PM - DEBUG - auth.service - login with username: a 
11/29/2021, 6:30:51 PM - DEBUG - Setting (ZFKU7se-aJFndhXRAAAN) socket.userId = 61a0dd1dd8dae530dc871ded 
11/29/2021, 6:30:58 PM - INFO - Req!!! 
11/29/2021, 6:30:58 PM - INFO - Req from: oshra 
11/29/2021, 6:31:08 PM - INFO - Req!!! 
11/29/2021, 6:31:08 PM - INFO - Req from: oshra 
11/29/2021, 6:31:08 PM - DEBUG - broadcast to all but user:  | "61a0dd1dd8dae530dc871ded" 
11/29/2021, 6:41:05 PM - INFO - Server is running on port: 3030 
11/29/2021, 6:42:31 PM - INFO - Server is running on port: 3030 
11/29/2021, 6:42:54 PM - DEBUG - auth.service - login with username: admin 
11/29/2021, 6:42:55 PM - DEBUG - auth.service - login with username: admin 
11/29/2021, 6:42:55 PM - ERROR - Failed to Login Invalid username or password 
11/29/2021, 6:42:56 PM - ERROR - Failed to Login Invalid username or password 
11/29/2021, 6:47:19 PM - INFO - Server is running on port: 3030 
11/29/2021, 6:53:04 PM - INFO - Server is running on port: 3030 
11/29/2021, 7:04:12 PM - INFO - Server is running on port: 3030 
11/29/2021, 7:04:49 PM - INFO - Server is running on port: 3030 
11/29/2021, 7:05:24 PM - DEBUG - auth.service - signup with username: tom, fullname: tom 
11/29/2021, 7:05:24 PM - DEBUG - auth.route - new account created: {"username":"tom","password":"$2b$10$pOgu6MBm8FitlIAns/0Ite3Iipdjt9ra.Skj5FiVpRCzjGIh7vEOS","fullname":"tom","score":0,"_id":"61a508544fb5435d700c0479"} 
11/29/2021, 7:05:24 PM - DEBUG - auth.service - login with username: tom 
11/29/2021, 7:05:24 PM - DEBUG - Setting (xql0LW0h1DJTjgMSAAAB) socket.userId = [object Object] 
11/29/2021, 7:46:33 PM - INFO - Server is running on port: 3030 
11/29/2021, 7:49:42 PM - DEBUG - auth.service - login with username: admin 
11/29/2021, 7:49:46 PM - DEBUG - auth.service - login with username: admin 
11/29/2021, 7:55:12 PM - DEBUG - auth.service - signup with username: a, fullname: a 
11/29/2021, 7:55:12 PM - DEBUG - auth.route - new account created: {"username":"a","password":"$2b$10$OWXcpIdRgTRlRu0hPJdeKOjtWuTO5lZx47mdspHr3/qoE3o37d.fW","fullname":"a","score":0,"_id":"61a51400d0b6844e78c82d35"} 
11/29/2021, 7:55:12 PM - DEBUG - auth.service - login with username: a 
11/29/2021, 7:55:12 PM - DEBUG - Setting (6R1wk7Zv1QDNTGXLAAAD) socket.userId = null 
11/29/2021, 7:55:56 PM - INFO - Req!!! 
11/29/2021, 7:55:56 PM - INFO - Req from: oshra 
11/29/2021, 7:56:13 PM - DEBUG - auth.service - login with username: admin 
11/29/2021, 8:02:42 PM - DEBUG - auth.service - login with username: admin 
11/29/2021, 8:05:03 PM - INFO - Server is running on port: 3030 
11/29/2021, 8:05:11 PM - DEBUG - auth.service - login with username: admin 
11/29/2021, 8:05:11 PM - DEBUG - user: [object Object] 
11/29/2021, 8:10:30 PM - INFO - Server is running on port: 3030 
11/29/2021, 8:10:49 PM - DEBUG - auth.service - login with username: admin 
11/29/2021, 8:10:49 PM - ERROR - Failed to Login Invalid username or password 
11/29/2021, 8:11:04 PM - DEBUG - auth.service - login with username: admin 
11/29/2021, 8:11:06 PM - DEBUG - auth.service - login with username: admin 
11/29/2021, 8:13:00 PM - INFO - Server is running on port: 3030 
11/29/2021, 8:13:16 PM - DEBUG - auth.service - login with username: admin 
11/29/2021, 8:14:13 PM - DEBUG - auth.service - login with username: admin 
11/29/2021, 8:14:13 PM - ERROR - Failed to Login Invalid username or password 
11/29/2021, 8:14:21 PM - DEBUG - auth.service - login with username: admin 
11/29/2021, 8:14:23 PM - DEBUG - auth.service - login with username: admin 
11/29/2021, 8:15:32 PM - INFO - Server is running on port: 3030 
11/29/2021, 8:15:41 PM - DEBUG - auth.service - login with username: admin 
11/29/2021, 8:18:39 PM - DEBUG - auth.service - login with username: admin 
11/29/2021, 8:20:29 PM - INFO - Server is running on port: 3030 
11/29/2021, 8:20:40 PM - DEBUG - auth.service - login with username: admin 
11/29/2021, 8:21:50 PM - DEBUG - auth.service - login with username: admin 
11/29/2021, 8:24:17 PM - DEBUG - auth.service - login with username: admin 
11/29/2021, 8:24:17 PM - DEBUG - Setting (XVRfixEKIiT0OzD1AAAV) socket.userId = 61a119c21ee9024b88be99f9 
11/29/2021, 8:24:27 PM - INFO - Req!!! 
11/29/2021, 8:24:27 PM - INFO - Req from: Admin 
11/29/2021, 8:24:58 PM - INFO - Server is running on port: 3030 
11/29/2021, 8:25:24 PM - INFO - Server is running on port: 3030 
11/29/2021, 8:50:55 PM - INFO - Server is running on port: 3030 
11/29/2021, 8:52:05 PM - DEBUG - auth.service - login with username: admin 
11/29/2021, 8:52:06 PM - DEBUG - Setting (0VeaD017v09iyfPNAAAF) socket.userId = 61a119c21ee9024b88be99f9 
11/29/2021, 8:54:16 PM - DEBUG - auth.service - login with username: admin 
11/29/2021, 8:54:16 PM - DEBUG - Setting (_WLjzn4BiEpAT91SAAAH) socket.userId = 61a119c21ee9024b88be99f9 
11/29/2021, 9:04:40 PM - INFO - Server is running on port: 3030 
11/29/2021, 9:24:45 PM - DEBUG - auth.service - login with username: admin 
11/29/2021, 9:24:45 PM - DEBUG - Setting (oAzANtxkYP1YZoRcAAAH) socket.userId = 61a119c21ee9024b88be99f9 
11/29/2021, 9:44:54 PM - DEBUG - auth.service - login with username: admin 
11/29/2021, 9:44:54 PM - DEBUG - Setting (oAzANtxkYP1YZoRcAAAH) socket.userId = 61a119c21ee9024b88be99f9 
11/29/2021, 9:50:18 PM - DEBUG - auth.service - login with username: a 
11/29/2021, 9:50:18 PM - DEBUG - Setting (2BEQGLwLJNHfQlGHAAAT) socket.userId = 61a0dd1dd8dae530dc871ded 
11/29/2021, 9:52:26 PM - DEBUG - auth.service - login with username: admin 
11/29/2021, 9:52:26 PM - DEBUG - Setting (pjaiyAv-t6_Sgy9dAAAV) socket.userId = 61a119c21ee9024b88be99f9 
11/29/2021, 9:52:35 PM - DEBUG - auth.service - login with username: a 
11/29/2021, 9:52:35 PM - DEBUG - Setting (XbtggDHDhVAdNHNvAAAX) socket.userId = 61a0dd1dd8dae530dc871ded 
11/29/2021, 9:57:01 PM - DEBUG - auth.service - login with username: admin 
11/29/2021, 9:57:01 PM - DEBUG - Setting (2shNIRfnZT9jncJiAAAd) socket.userId = 61a119c21ee9024b88be99f9 
11/29/2021, 9:57:06 PM - DEBUG - auth.service - login with username: a 
11/29/2021, 9:57:06 PM - DEBUG - Setting (vA9W1fBucr1dgbqIAAAf) socket.userId = 61a0dd1dd8dae530dc871ded 
11/29/2021, 10:04:59 PM - INFO - Server is running on port: 3030 
11/29/2021, 10:06:34 PM - DEBUG - auth.service - login with username: a 
11/29/2021, 10:06:34 PM - DEBUG - Setting (qrveMbMqmXf6byyLAAAH) socket.userId = 61a0dd1dd8dae530dc871ded 
11/29/2021, 10:06:38 PM - DEBUG - auth.service - login with username: admin 
11/29/2021, 10:06:39 PM - DEBUG - Setting (I_boGloYZGDZ-NmdAAAF) socket.userId = 61a119c21ee9024b88be99f9 
11/29/2021, 10:12:10 PM - INFO - Server is running on port: 3030 
11/29/2021, 10:13:40 PM - INFO - Server is running on port: 3030 
11/29/2021, 10:13:52 PM - DEBUG - auth.service - login with username: admin 
11/29/2021, 10:13:52 PM - DEBUG - Setting (nt5U0YAL3dLq03EkAAAF) socket.userId = 61a119c21ee9024b88be99f9 
11/29/2021, 10:15:38 PM - INFO - Server is running on port: 3030 
11/29/2021, 10:15:53 PM - DEBUG - auth.service - login with username: admin 
11/29/2021, 10:15:53 PM - DEBUG - Setting (0VDWaUtwAJbqkGfLAAAF) socket.userId = 61a119c21ee9024b88be99f9 
11/29/2021, 10:16:00 PM - DEBUG - auth.service - login with username: a 
11/29/2021, 10:16:00 PM - DEBUG - Setting (0GSWKfuIyKLto4zgAAAH) socket.userId = 61a0dd1dd8dae530dc871ded 
11/29/2021, 10:19:41 PM - INFO - Server is running on port: 3030 
11/29/2021, 10:20:04 PM - DEBUG - auth.service - login with username: admin 
11/29/2021, 10:20:04 PM - DEBUG - Setting (d8nxBcMUjXY_Ay81AAAF) socket.userId = 61a119c21ee9024b88be99f9 
11/29/2021, 10:20:23 PM - DEBUG - auth.service - login with username: a 
11/29/2021, 10:20:23 PM - DEBUG - Setting (CARuiTOMzEiWMdNaAAAH) socket.userId = 61a0dd1dd8dae530dc871ded 
11/29/2021, 10:26:57 PM - INFO - Server is running on port: 3030 
11/29/2021, 10:27:13 PM - DEBUG - auth.service - login with username: admin 
11/29/2021, 10:27:13 PM - DEBUG - Setting (m0kIS_DSgTMF0bpJAAAF) socket.userId = 61a119c21ee9024b88be99f9 
11/29/2021, 10:27:16 PM - DEBUG - auth.service - login with username: a 
11/29/2021, 10:27:16 PM - DEBUG - Setting (kmu8XeCzfOA_ZJGoAAAB) socket.userId = 61a0dd1dd8dae530dc871ded 
